<?xml version="1.0" encoding="UTF-8"?>
<!-- Generated by org.testng.reporters.JUnitReportReporter -->
<testsuite hostname="LAPTOP-N5D4JRG5" failures="0" tests="1" name="nagp.selenium.testscripts.ToolshopTest" time="4.624" errors="0" timestamp="2023-04-22T19:29:41 IST" skipped="0">
  <testcase classname="nagp.selenium.testscripts.ToolshopTest" name="launchDriver" time="4.624"/>
  <system-out/>
</testsuite> <!-- nagp.selenium.testscripts.ToolshopTest -->
