<?xml version="1.0" encoding="UTF-8"?>
<!-- Generated by org.testng.reporters.JUnitReportReporter -->
<testsuite hostname="LAPTOP-N5D4JRG5" failures="0" tests="12" name="nagp.selenium.tests.HomePageTest" time="68.004" errors="0" timestamp="2023-05-01T18:47:27 IST" skipped="0">
  <testcase classname="nagp.selenium.tests.HomePageTest" name="checkHomePageLogoPresent" time="0.070"/>
  <system-out/>
  <testcase classname="nagp.selenium.tests.HomePageTest" name="createNewUser" time="5.556"/>
  <system-out/>
  <testcase classname="nagp.selenium.tests.HomePageTest" name="subscribeNewsletter" time="3.718"/>
  <system-out/>
  <testcase classname="nagp.selenium.tests.HomePageTest" name="subscribeNewsletter" time="3.831"/>
  <system-out/>
  <testcase classname="nagp.selenium.tests.HomePageTest" name="subscribeNewsletter" time="3.346"/>
  <system-out/>
  <testcase classname="nagp.selenium.tests.HomePageTest" name="subscribeNewsletter" time="4.090"/>
  <system-out/>
  <testcase classname="nagp.selenium.tests.HomePageTest" name="subscribeNewsletter" time="3.153"/>
  <system-out/>
  <testcase classname="nagp.selenium.tests.HomePageTest" name="validateMenuItems" time="0.248"/>
  <system-out/>
  <testcase classname="nagp.selenium.tests.HomePageTest" name="validatePurchaseApparel" time="30.808"/>
  <system-out/>
  <testcase classname="nagp.selenium.tests.HomePageTest" name="validateSearchBar" time="5.291"/>
  <system-out/>
  <testcase classname="nagp.selenium.tests.HomePageTest" name="validateLogout" time="2.703"/>
  <system-out/>
  <testcase classname="nagp.selenium.tests.HomePageTest" name="createNewUserForExistingUser" time="5.190"/>
  <system-out/>
</testsuite> <!-- nagp.selenium.tests.HomePageTest -->
